2024.04.24 18:53:09 INFO  Started: Metals version 1.3.0 in folders '/Users/mordjanearibi/Desktop/Efrei/Semestre8/Data Engineering I/Data_Engenieur_project' for client Visual Studio Code 1.88.1.
SLF4J: Class path contains multiple SLF4J providers.
SLF4J: Found provider [scribe.slf4j.ScribeServiceProvider@3c7a856c]
SLF4J: Found provider [ch.qos.logback.classic.spi.LogbackServiceProvider@2fa71e38]
SLF4J: See https://www.slf4j.org/codes.html#multiple_bindings for an explanation.
SLF4J: Actual provider is of type [scribe.slf4j.ScribeServiceProvider@3c7a856c]
2024.04.24 18:53:09 WARN  Flyway upgrade recommended: H2 2.2.224 is newer than this version of Flyway and support has not been tested. The latest supported version of H2 is 2.2.220.
2024.04.24 18:53:12 INFO  running '/opt/homebrew/bin/sbt -Dbloop.export-jar-classifiers=sources bloopInstall'
2024.04.24 18:53:12 INFO  copying runtime jar...
2024.04.24 18:53:12 WARN  no build target for: /Users/mordjanearibi/Desktop/Efrei/Semestre8/Data Engineering I/Data_Engenieur_project/project/metals.sbt
2024.04.24 18:53:12 WARN  no build target for: /Users/mordjanearibi/Desktop/Efrei/Semestre8/Data Engineering I/Data_Engenieur_project/project/project/metals.sbt
2024.04.24 18:53:17 INFO  [info] welcome to sbt 1.9.9 (Eclipse Adoptium Java 21.0.1)
2024.04.24 18:53:17 INFO  [info] loading settings for project data_engenieur_project-build-build from metals.sbt ...
2024.04.24 18:53:18 INFO  [info] loading project definition from /Users/mordjanearibi/Desktop/Efrei/Semestre8/Data Engineering I/Data_Engenieur_project/project/project
2024.04.24 18:53:20 INFO  no build target found for /Users/mordjanearibi/Desktop/Efrei/Semestre8/Data Engineering I/Data_Engenieur_project/project/metals.sbt. Using presentation compiler with project's scala-library version: 3.3.3
2024.04.24 18:53:20 INFO  [info] loading settings for project data_engenieur_project-build from metals.sbt ...
2024.04.24 18:53:20 INFO  [info] loading project definition from /Users/mordjanearibi/Desktop/Efrei/Semestre8/Data Engineering I/Data_Engenieur_project/project
2024.04.24 18:53:21 INFO  [success] Generated .bloop/data_engenieur_project-build.json
2024.04.24 18:53:21 INFO  [success] Total time: 1 s, completed 24 avr. 2024, 18:53:21
2024.04.24 18:53:21 INFO  [info] loading settings for project root from build.sbt ...
2024.04.24 18:53:21 INFO  [info] set current project to Data_Engenieur_project (in build file:/Users/mordjanearibi/Desktop/Efrei/Semestre8/Data%20Engineering%20I/Data_Engenieur_project/)
2024.04.24 18:53:21 INFO  [success] Generated .bloop/root-test.json
2024.04.24 18:53:21 INFO  [success] Generated .bloop/root.json
2024.04.24 18:53:21 INFO  [success] Total time: 0 s, completed 24 avr. 2024, 18:53:22
2024.04.24 18:53:22 INFO  time: ran 'sbt bloopInstall' in 9.86s
2024.04.24 18:53:22 INFO  Attempting to connect to the build server...
2024.04.24 18:53:22 INFO  Setting up current java home /Library/Java/JavaVirtualMachines/temurin-21.jdk/Contents/Home in /Users/mordjanearibi/.bloop/bloop.json
2024.04.24 18:53:25 INFO  tracing is disabled for protocol BSP, to enable tracing of incoming and outgoing JSON messages create an empty file at /Users/mordjanearibi/Desktop/Efrei/Semestre8/Data Engineering I/Data_Engenieur_project/.metals/bsp.trace.json or /Users/mordjanearibi/Library/Caches/org.scalameta.metals/bsp.trace.json
2024.04.24 18:53:27 INFO  Attempting to connect to the build server...
2024.04.24 18:53:27 INFO  tracing is disabled for protocol BSP, to enable tracing of incoming and outgoing JSON messages create an empty file at /Users/mordjanearibi/Desktop/Efrei/Semestre8/Data Engineering I/Data_Engenieur_project/project/.metals/bsp.trace.json or /Users/mordjanearibi/Library/Caches/org.scalameta.metals/bsp.trace.json
2024.04.24 18:53:28 INFO  time: Connected to build server in 6.24s
2024.04.24 18:53:28 INFO  Connected to Build server: Bloop v1.5.17
2024.04.24 18:53:32 INFO  time: indexed workspace in 3.81s
2024.04.24 18:53:32 INFO  compiling root (1 scala source)
2024.04.24 18:53:32 INFO  Shutting down server
2024.04.24 18:53:32 INFO  shutting down Metals
2024.04.24 18:53:32 INFO  Shut down connection with build server.
2024.04.24 18:53:32 INFO  Shut down connection with build server.
avr. 24, 2024 6:53:33 PM org.eclipse.lsp4j.jsonrpc.RemoteEndpoint notify
INFOS: Failed to send notification message.
org.eclipse.lsp4j.jsonrpc.JsonRpcException: java.nio.channels.AsynchronousCloseException
	at org.eclipse.lsp4j.jsonrpc.json.StreamMessageConsumer.consume(StreamMessageConsumer.java:72)
	at scala.meta.internal.metals.RequestMonitorImpl$$anon$1.consume(ServerLivenessMonitor.scala:41)
	at org.eclipse.lsp4j.jsonrpc.RemoteEndpoint.notify(RemoteEndpoint.java:126)
	at org.eclipse.lsp4j.jsonrpc.RemoteEndpoint.sendCancelNotification(RemoteEndpoint.java:180)
	at org.eclipse.lsp4j.jsonrpc.RemoteEndpoint$1.cancel(RemoteEndpoint.java:150)
	at scala.meta.internal.metals.utils.FutureWithTimeout$$anon$1.$anonfun$cancel$1(FutureWithTimeout.scala:37)
	at scala.runtime.java8.JFunction0$mcZ$sp.apply(JFunction0$mcZ$sp.scala:17)
	at scala.util.Try$.apply(Try.scala:217)
	at scala.meta.internal.metals.utils.FutureWithTimeout$$anon$1.cancel(FutureWithTimeout.scala:37)
	at scala.meta.internal.metals.Cancelable$.$anonfun$cancelAll$1(Cancelable.scala:29)
	at scala.collection.immutable.List.foreach(List.scala:334)
	at scala.meta.internal.metals.Cancelable$.cancelAll(Cancelable.scala:28)
	at scala.meta.internal.metals.MutableCancelable.cancel(MutableCancelable.scala:25)
	at scala.meta.internal.metals.utils.RequestRegistry.cancel(RequestRegistry.scala:94)
	at scala.meta.internal.metals.BuildServerConnection.cancel(BuildServerConnection.scala:411)
	at scala.meta.internal.metals.BuildServerConnection.$anonfun$shutdown$1(BuildServerConnection.scala:175)
	at scala.meta.internal.metals.BuildServerConnection.$anonfun$shutdown$1$adapted(BuildServerConnection.scala:167)
	at scala.concurrent.impl.Promise$Transformation.run(Promise.scala:467)
	at java.base/java.util.concurrent.ThreadPoolExecutor.runWorker(ThreadPoolExecutor.java:1144)
	at java.base/java.util.concurrent.ThreadPoolExecutor$Worker.run(ThreadPoolExecutor.java:642)
	at java.base/java.lang.Thread.run(Thread.java:1583)
Caused by: java.nio.channels.AsynchronousCloseException
	at java.base/java.nio.channels.spi.AbstractInterruptibleChannel.end(AbstractInterruptibleChannel.java:203)
	at java.base/sun.nio.ch.SinkChannelImpl.endWrite(SinkChannelImpl.java:268)
	at java.base/sun.nio.ch.SinkChannelImpl.write(SinkChannelImpl.java:290)
	at java.base/sun.nio.ch.ChannelOutputStream.writeFully(ChannelOutputStream.java:68)
	at java.base/sun.nio.ch.ChannelOutputStream.write(ChannelOutputStream.java:102)
	at java.base/java.io.OutputStream.write(OutputStream.java:124)
	at java.base/sun.nio.ch.ChannelOutputStream.write(ChannelOutputStream.java:79)
	at scala.meta.internal.metals.ClosableOutputStream.write(ClosableOutputStream.scala:26)
	at java.base/java.io.FilterOutputStream.write(FilterOutputStream.java:139)
	at java.base/java.io.FilterOutputStream.write(FilterOutputStream.java:110)
	at org.eclipse.lsp4j.jsonrpc.json.StreamMessageConsumer.consume(StreamMessageConsumer.java:67)
	... 20 more

2024.04.24 18:53:32 INFO  Cancelling compilation on Bloop server
2024.04.24 18:53:32 WARN  Flyway upgrade recommended: H2 2.2.224 is newer than this version of Flyway and support has not been tested. The latest supported version of H2 is 2.2.220.
java.util.concurrent.RejectedExecutionException: Task Future(<not completed>) rejected from java.util.concurrent.ThreadPoolExecutor@29d80d2b[Shutting down, pool size = 7, active threads = 6, queued tasks = 0, completed tasks = 419]
	at java.base/java.util.concurrent.ThreadPoolExecutor$AbortPolicy.rejectedExecution(ThreadPoolExecutor.java:2081)
	at java.base/java.util.concurrent.ThreadPoolExecutor.reject(ThreadPoolExecutor.java:841)
	at java.base/java.util.concurrent.ThreadPoolExecutor.execute(ThreadPoolExecutor.java:1376)
	at scala.concurrent.impl.ExecutionContextImpl.execute(ExecutionContextImpl.scala:21)
	at scala.concurrent.impl.Promise$Transformation.submitWithValue(Promise.scala:429)
	at scala.concurrent.impl.Promise$DefaultPromise.submitWithValue(Promise.scala:338)
	at scala.concurrent.impl.Promise$DefaultPromise.tryComplete0(Promise.scala:285)
	at scala.concurrent.impl.Promise$Transformation.handleFailure(Promise.scala:444)
	at scala.concurrent.impl.Promise$Transformation.submitWithValue(Promise.scala:435)
	at scala.concurrent.impl.Promise$DefaultPromise.submitWithValue(Promise.scala:338)
	at scala.concurrent.impl.Promise$DefaultPromise.tryComplete0(Promise.scala:285)
	at scala.concurrent.impl.Promise$Transformation.handleFailure(Promise.scala:444)
	at scala.concurrent.impl.Promise$Transformation.submitWithValue(Promise.scala:435)
	at scala.concurrent.impl.Promise$DefaultPromise.submitWithValue(Promise.scala:338)
	at scala.concurrent.impl.Promise$DefaultPromise.tryComplete0(Promise.scala:285)
	at scala.concurrent.impl.Promise$Transformation.handleFailure(Promise.scala:444)
	at scala.concurrent.impl.Promise$Transformation.submitWithValue(Promise.scala:435)
	at scala.concurrent.impl.Promise$DefaultPromise.submitWithValue(Promise.scala:338)
	at scala.concurrent.impl.Promise$DefaultPromise.tryComplete0(Promise.scala:285)
	at scala.concurrent.impl.Promise$Transformation.run(Promise.scala:504)
	at java.base/java.util.concurrent.ThreadPoolExecutor.runWorker(ThreadPoolExecutor.java:1144)
	at java.base/java.util.concurrent.ThreadPoolExecutor$Worker.run(ThreadPoolExecutor.java:642)
	at java.base/java.lang.Thread.run(Thread.java:1583)
java.util.concurrent.RejectedExecutionException: Task Future(<not completed>) rejected from java.util.concurrent.ThreadPoolExecutor@29d80d2b[Shutting down, pool size = 6, active threads = 6, queued tasks = 0, completed tasks = 419]
	at java.base/java.util.concurrent.ThreadPoolExecutor$AbortPolicy.rejectedExecution(ThreadPoolExecutor.java:2081)
	at java.base/java.util.concurrent.ThreadPoolExecutor.reject(ThreadPoolExecutor.java:841)
	at java.base/java.util.concurrent.ThreadPoolExecutor.execute(ThreadPoolExecutor.java:1376)
	at scala.concurrent.impl.ExecutionContextImpl.execute(ExecutionContextImpl.scala:21)
	at scala.concurrent.impl.Promise$Transformation.submitWithValue(Promise.scala:429)
	at scala.concurrent.impl.Promise$DefaultPromise.submitWithValue(Promise.scala:338)
	at scala.concurrent.impl.Promise$DefaultPromise.tryComplete0(Promise.scala:285)
	at scala.concurrent.impl.Promise$Transformation.handleFailure(Promise.scala:444)
	at scala.concurrent.impl.Promise$Transformation.submitWithValue(Promise.scala:435)
	at scala.concurrent.impl.Promise$DefaultPromise.submitWithValue(Promise.scala:335)
	at scala.concurrent.impl.Promise$DefaultPromise.tryComplete0(Promise.scala:285)
	at scala.concurrent.impl.Promise$Transformation.handleFailure(Promise.scala:444)
	at scala.concurrent.impl.Promise$Transformation.submitWithValue(Promise.scala:435)
	at scala.concurrent.impl.Promise$DefaultPromise.submitWithValue(Promise.scala:338)
	at scala.concurrent.impl.Promise$DefaultPromise.tryComplete0(Promise.scala:285)
	at scala.concurrent.impl.Promise$DefaultPromise.linkRootOf(Promise.scala:347)
	at scala.concurrent.impl.Promise$Transformation.run(Promise.scala:471)
	at java.base/java.util.concurrent.ThreadPoolExecutor.runWorker(ThreadPoolExecutor.java:1144)
	at java.base/java.util.concurrent.ThreadPoolExecutor$Worker.run(ThreadPoolExecutor.java:642)
	at java.base/java.lang.Thread.run(Thread.java:1583)
java.util.concurrent.RejectedExecutionException: Task Future(<not completed>) rejected from java.util.concurrent.ThreadPoolExecutor@29d80d2b[Shutting down, pool size = 4, active threads = 4, queued tasks = 0, completed tasks = 421]
	at java.base/java.util.concurrent.ThreadPoolExecutor$AbortPolicy.rejectedExecution(ThreadPoolExecutor.java:2081)
	at java.base/java.util.concurrent.ThreadPoolExecutor.reject(ThreadPoolExecutor.java:841)
	at java.base/java.util.concurrent.ThreadPoolExecutor.execute(ThreadPoolExecutor.java:1376)
	at scala.concurrent.impl.ExecutionContextImpl.execute(ExecutionContextImpl.scala:21)
	at scala.concurrent.impl.Promise$Transformation.submitWithValue(Promise.scala:429)
	at scala.concurrent.impl.Promise$DefaultPromise.submitWithValue(Promise.scala:338)
	at scala.concurrent.impl.Promise$DefaultPromise.tryComplete0(Promise.scala:285)
	at scala.concurrent.impl.Promise$Transformation.handleFailure(Promise.scala:444)
	at scala.concurrent.impl.Promise$Transformation.submitWithValue(Promise.scala:435)
	at scala.concurrent.impl.Promise$DefaultPromise.submitWithValue(Promise.scala:338)
	at scala.concurrent.impl.Promise$DefaultPromise.tryComplete0(Promise.scala:285)
	at scala.concurrent.impl.Promise$Transformation.handleFailure(Promise.scala:444)
	at scala.concurrent.impl.Promise$Transformation.submitWithValue(Promise.scala:435)
	at scala.concurrent.impl.Promise$DefaultPromise.submitWithValue(Promise.scala:338)
	at scala.concurrent.impl.Promise$DefaultPromise.tryComplete0(Promise.scala:285)
	at scala.concurrent.impl.Promise$DefaultPromise.linkRootOf(Promise.scala:347)
	at scala.concurrent.impl.Promise$Transformation.run(Promise.scala:471)
	at java.base/java.util.concurrent.ThreadPoolExecutor.runWorker(ThreadPoolExecutor.java:1144)
	at java.base/java.util.concurrent.ThreadPoolExecutor$Worker.run(ThreadPoolExecutor.java:642)
	at java.base/java.lang.Thread.run(Thread.java:1583)
2024.04.24 19:37:39 INFO  Started: Metals version 1.3.0 in folders '/Users/anas/Doc/Data_Engineering/Data_Engenieur_project' for client Visual Studio Code 1.88.1.
SLF4J: Class path contains multiple SLF4J providers.
SLF4J: Found provider [scribe.slf4j.ScribeServiceProvider@2c68963c]
SLF4J: Found provider [ch.qos.logback.classic.spi.LogbackServiceProvider@7ff71743]
SLF4J: See https://www.slf4j.org/codes.html#multiple_bindings for an explanation.
SLF4J: Actual provider is of type [scribe.slf4j.ScribeServiceProvider@2c68963c]
2024.04.24 19:37:40 WARN  Flyway upgrade recommended: H2 2.2.224 is newer than this version of Flyway and support has not been tested. The latest supported version of H2 is 2.2.220.
2024.04.24 19:37:41 INFO  Attempting to connect to the build server...
2024.04.24 19:37:41 INFO  Setting up current java home /Library/Java/JavaVirtualMachines/temurin-17.jdk/Contents/Home in /Users/anas/.bloop/bloop.json
avr. 24, 2024 7:37:41 PM org.eclipse.lsp4j.jsonrpc.RemoteEndpoint handleCancellation
AVERTISSEMENT: Unmatched cancel notification for request id 1
avr. 24, 2024 7:37:41 PM org.eclipse.lsp4j.jsonrpc.RemoteEndpoint handleCancellation
AVERTISSEMENT: Unmatched cancel notification for request id 3
avr. 24, 2024 7:37:41 PM org.eclipse.lsp4j.jsonrpc.RemoteEndpoint handleCancellation
AVERTISSEMENT: Unmatched cancel notification for request id 2
2024.04.24 19:37:46 ERROR Starting the bsp launcher for bloop...
2024.04.24 19:37:46 ERROR Opening a bsp server connection with 'bsp --protocol local --socket /var/folders/2h/wkr1n9_561d26qys71qz0_jw0000gn/T/bsp-launcher9243658987759364036/bsp.socket'...
2024.04.24 19:37:46 ERROR Waiting for the bsp connection to come up...
2024.04.24 19:37:46 ERROR Waiting for the bsp connection to come up...
2024.04.24 19:37:46 ERROR Waiting for the bsp connection to come up...
2024.04.24 19:37:46 ERROR Waiting for the bsp connection to come up...
2024.04.24 19:37:46 ERROR Waiting for the bsp connection to come up...
2024.04.24 19:37:46 ERROR error: The command bsp --protocol local --socket /var/folders/2h/wkr1n9_561d26qys71qz0_jw0000gn/T/bsp-launcher9243658987759364036/bsp.socket returned with an error
2024.04.24 19:37:46 ERROR > No server running at 127.0.0.1:8212, let's fire one...
2024.04.24 19:37:46 ERROR > Resolving ch.epfl.scala:bloop-frontend_2.12:1.5.17...
2024.04.24 19:37:46 ERROR > Starting bloop server at 127.0.0.1:8212...
2024.04.24 19:37:46 ERROR > Attempting a connection to the server...
2024.04.24 19:37:46 ERROR > Attempting a connection to the server...
2024.04.24 19:37:46 ERROR > Attempting a connection to the server...
2024.04.24 19:37:46 ERROR > Attempting a connection to the server...
2024.04.24 19:37:46 ERROR > Attempting a connection to the server...
2024.04.24 19:37:46 ERROR > Attempting a connection to the server...
2024.04.24 19:37:46 ERROR > Attempting a connection to the server...
2024.04.24 19:37:46 ERROR > Attempting a connection to the server...
2024.04.24 19:37:46 ERROR > Attempting a connection to the server...
2024.04.24 19:37:46 ERROR > [0m[33m[W][0m Scala instance jar /Users/mordjanearibi/Library/Caches/Coursier/v1/https/repo1.maven.org/maven2/org/scala-lang/scala-library/2.13.13/scala-library-2.13.13.jar doesn't exist!
2024.04.24 19:37:46 ERROR > [0m[33m[W][0m Scala instance jar /Users/mordjanearibi/Library/Caches/Coursier/v1/https/repo1.maven.org/maven2/org/scala-lang/scala-library/2.13.13/scala-library-2.13.13.jar doesn't exist!
2024.04.24 19:37:46 ERROR > [0m[33m[W][0m Scala instance jar /Users/mordjanearibi/Library/Caches/Coursier/v1/https/repo1.maven.org/maven2/org/scala-lang/scala-compiler/2.13.13/scala-compiler-2.13.13.jar doesn't exist!
2024.04.24 19:37:46 ERROR > [0m[33m[W][0m Scala instance jar /Users/mordjanearibi/Library/Caches/Coursier/v1/https/repo1.maven.org/maven2/org/scala-lang/scala-compiler/2.13.13/scala-compiler-2.13.13.jar doesn't exist!
2024.04.24 19:37:46 ERROR > [0m[33m[W][0m Scala instance jar /Users/mordjanearibi/Library/Caches/Coursier/v1/https/repo1.maven.org/maven2/org/scala-lang/scala-reflect/2.13.13/scala-reflect-2.13.13.jar doesn't exist!
2024.04.24 19:37:46 ERROR > [0m[33m[W][0m Scala instance jar /Users/mordjanearibi/Library/Caches/Coursier/v1/https/repo1.maven.org/maven2/org/scala-lang/scala-reflect/2.13.13/scala-reflect-2.13.13.jar doesn't exist!
2024.04.24 19:37:46 ERROR > [0m[33m[W][0m Scala instance jar /Users/mordjanearibi/Library/Caches/Coursier/v1/https/repo1.maven.org/maven2/io/github/java-diff-utils/java-diff-utils/4.12/java-diff-utils-4.12.jar doesn't exist!
2024.04.24 19:37:46 ERROR > [0m[33m[W][0m Scala instance jar /Users/mordjanearibi/Library/Caches/Coursier/v1/https/repo1.maven.org/maven2/io/github/java-diff-utils/java-diff-utils/4.12/java-diff-utils-4.12.jar doesn't exist!
2024.04.24 19:37:46 ERROR > [0m[33m[W][0m Scala instance jar /Users/mordjanearibi/Library/Caches/Coursier/v1/https/repo1.maven.org/maven2/org/jline/jline/3.24.1/jline-3.24.1.jar doesn't exist!
2024.04.24 19:37:46 ERROR > [0m[33m[W][0m Scala instance jar /Users/mordjanearibi/Library/Caches/Coursier/v1/https/repo1.maven.org/maven2/org/jline/jline/3.24.1/jline-3.24.1.jar doesn't exist!
2024.04.24 19:37:46 ERROR > [0m[33m[W][0m Scala instance jar /Users/mordjanearibi/Library/Caches/Coursier/v1/https/repo1.maven.org/maven2/net/java/dev/jna/jna/5.13.0/jna-5.13.0.jar doesn't exist!
2024.04.24 19:37:46 ERROR > [0m[33m[W][0m Scala instance jar /Users/mordjanearibi/Library/Caches/Coursier/v1/https/repo1.maven.org/maven2/net/java/dev/jna/jna/5.13.0/jna-5.13.0.jar doesn't exist!
2024.04.24 19:37:46 ERROR > [0m[31m[E][0m Failed to load project from /Users/anas/Doc/Data_Engineering/Data_Engenieur_project/.bloop/root.json
2024.04.24 19:37:46 ERROR error: Trying a tcp-based connection to the server instead...
2024.04.24 19:37:46 ERROR Opening a bsp server connection with 'bsp --protocol tcp --port 35012'...
2024.04.24 19:37:46 ERROR Waiting for the bsp connection to come up...
2024.04.24 19:37:46 ERROR error: The command bsp --protocol tcp --port 35012 returned with an error
2024.04.24 19:37:46 ERROR > [0m[33m[W][0m Scala instance jar /Users/mordjanearibi/Library/Caches/Coursier/v1/https/repo1.maven.org/maven2/org/scala-lang/scala-library/2.13.13/scala-library-2.13.13.jar doesn't exist!
2024.04.24 19:37:46 ERROR > [0m[33m[W][0m Scala instance jar /Users/mordjanearibi/Library/Caches/Coursier/v1/https/repo1.maven.org/maven2/org/scala-lang/scala-library/2.13.13/scala-library-2.13.13.jar doesn't exist!
2024.04.24 19:37:46 ERROR > [0m[33m[W][0m Scala instance jar /Users/mordjanearibi/Library/Caches/Coursier/v1/https/repo1.maven.org/maven2/org/scala-lang/scala-compiler/2.13.13/scala-compiler-2.13.13.jar doesn't exist!
2024.04.24 19:37:46 ERROR > [0m[33m[W][0m Scala instance jar /Users/mordjanearibi/Library/Caches/Coursier/v1/https/repo1.maven.org/maven2/org/scala-lang/scala-compiler/2.13.13/scala-compiler-2.13.13.jar doesn't exist!
2024.04.24 19:37:46 ERROR > [0m[33m[W][0m Scala instance jar /Users/mordjanearibi/Library/Caches/Coursier/v1/https/repo1.maven.org/maven2/org/scala-lang/scala-reflect/2.13.13/scala-reflect-2.13.13.jar doesn't exist!
2024.04.24 19:37:46 ERROR > [0m[33m[W][0m Scala instance jar /Users/mordjanearibi/Library/Caches/Coursier/v1/https/repo1.maven.org/maven2/org/scala-lang/scala-reflect/2.13.13/scala-reflect-2.13.13.jar doesn't exist!
2024.04.24 19:37:46 ERROR > [0m[33m[W][0m Scala instance jar /Users/mordjanearibi/Library/Caches/Coursier/v1/https/repo1.maven.org/maven2/io/github/java-diff-utils/java-diff-utils/4.12/java-diff-utils-4.12.jar doesn't exist!
2024.04.24 19:37:46 ERROR > [0m[33m[W][0m Scala instance jar /Users/mordjanearibi/Library/Caches/Coursier/v1/https/repo1.maven.org/maven2/io/github/java-diff-utils/java-diff-utils/4.12/java-diff-utils-4.12.jar doesn't exist!
2024.04.24 19:37:46 ERROR > [0m[33m[W][0m Scala instance jar /Users/mordjanearibi/Library/Caches/Coursier/v1/https/repo1.maven.org/maven2/org/jline/jline/3.24.1/jline-3.24.1.jar doesn't exist!
2024.04.24 19:37:46 ERROR > [0m[33m[W][0m Scala instance jar /Users/mordjanearibi/Library/Caches/Coursier/v1/https/repo1.maven.org/maven2/org/jline/jline/3.24.1/jline-3.24.1.jar doesn't exist!
2024.04.24 19:37:46 ERROR > [0m[33m[W][0m Scala instance jar /Users/mordjanearibi/Library/Caches/Coursier/v1/https/repo1.maven.org/maven2/net/java/dev/jna/jna/5.13.0/jna-5.13.0.jar doesn't exist!
2024.04.24 19:37:46 ERROR > [0m[33m[W][0m Scala instance jar /Users/mordjanearibi/Library/Caches/Coursier/v1/https/repo1.maven.org/maven2/net/java/dev/jna/jna/5.13.0/jna-5.13.0.jar doesn't exist!
2024.04.24 19:37:46 ERROR > [0m[31m[E][0m Failed to load project from /Users/anas/Doc/Data_Engineering/Data_Engenieur_project/.bloop/root-test.json
2024.04.24 19:37:46 ERROR error: The launcher failed to establish a bsp connection, aborting...
2024.04.24 19:37:46 ERROR Failed to connect with build server, no functionality will work.
java.lang.RuntimeException: The server did not start, got FailedToOpenBspConnection
	at bloop.launcher.LauncherMain.failPromise$1(Launcher.scala:92)
	at bloop.launcher.LauncherMain.runLauncher(Launcher.scala:119)
	at scala.meta.internal.metals.BloopServers$$anon$2.run(BloopServers.scala:355)
	at java.util.concurrent.Executors$RunnableAdapter.call(Executors.java:539)
	at java.util.concurrent.FutureTask.run(FutureTask.java:264)
	at java.util.concurrent.ThreadPoolExecutor.runWorker(ThreadPoolExecutor.java:1136)
	at java.util.concurrent.ThreadPoolExecutor$Worker.run(ThreadPoolExecutor.java:635)
	at java.lang.Thread.run(Thread.java:833)

2024.04.24 19:38:05 INFO  no build target found for /Users/anas/Doc/Data_Engineering/Data_Engenieur_project/build.sbt. Using presentation compiler with project's scala-library version: 3.3.3
2024.04.24 19:38:07 INFO  time: code lens generation in 1.55s
